2019-11-11 10:11:193 INFO  HomePage :38 - click on signin/signup
2019-11-11 10:11:478 INFO  HomePage :43 - click on create account
2019-11-11 10:11:687 INFO  HomePage :48 - Enter email
2019-11-11 10:11:814 INFO  HomePage :53 - Enter password
2019-11-11 10:11:490 INFO  HomePage :58 - Enter confirm password
2019-11-11 10:11:894 INFO  HomePage :63 - click on create button
2019-11-11 10:11:73 INFO  HomePage :83 - After refreshing the webpage page will navigate to shipping page
2019-11-11 10:11:171 INFO  HomePage :95 - page will navigate ro sale page
2019-11-11 10:11:373 INFO  HomePage :105 - page will navigate ro shopping list,here in this case boots
2019-11-11 10:11:366 INFO  HomePage :115 - Verifying the item page
2019-11-12 19:11:683 INFO  HomePage :38 - click on signin/signup
2019-11-12 19:11:392 INFO  HomePage :43 - click on create account
2019-11-12 19:11:657 INFO  HomePage :48 - Enter email
2019-11-12 19:11:40 INFO  HomePage :53 - Enter password
2019-11-12 19:11:458 INFO  HomePage :58 - Enter confirm password
2019-11-12 19:11:821 INFO  HomePage :63 - click on create button
2019-11-12 19:11:975 INFO  HomePage :83 - After refreshing the webpage page will navigate to shipping page
2019-11-12 19:11:377 INFO  HomePage :95 - page will navigate ro sale page
2019-11-12 19:11:521 INFO  HomePage :105 - page will navigate ro shopping list,here in this case boots
2019-11-12 19:11:726 INFO  HomePage :115 - Verifying the item page
2019-11-13 10:11:380 INFO  HomePage :40 - click on signin/signup
2019-11-13 10:11:615 INFO  HomePage :44 - click on create account
2019-11-13 10:11:186 INFO  HomePage :48 - Enter email
2019-11-13 10:11:230 INFO  HomePage :52 - Enter password
2019-11-13 10:11:18 INFO  HomePage :56 - Enter confirm password
2019-11-13 10:11:237 INFO  HomePage :60 - click on create button
2019-11-13 10:11:519 INFO  HomePage :76 - After refreshing the webpage page will navigate to shipping page
2019-11-13 10:11:583 INFO  HomePage :81 - mousehover to hotdeals, wait and than click on sales
2019-11-13 10:11:884 INFO  HomePage :40 - click on signin/signup
2019-11-13 10:11:123 INFO  HomePage :44 - click on create account
2019-11-13 10:11:196 INFO  HomePage :48 - Enter email
2019-11-13 10:11:999 INFO  HomePage :52 - Enter password
2019-11-13 10:11:283 INFO  HomePage :56 - Enter confirm password
2019-11-13 10:11:589 INFO  HomePage :60 - click on create button
2019-11-13 10:11:753 INFO  HomePage :76 - After refreshing the webpage page will navigate to shipping page
2019-11-13 10:11:66 INFO  HomePage :81 - mousehover to hotdeals, wait and than click on sales
2019-11-13 10:11:920 INFO  HomePage :106 - Verifying the item page
2019-11-13 10:11:918 INFO  HomePage :40 - click on signin/signup
2019-11-13 10:11:723 INFO  HomePage :45 - click on create account
2019-11-13 10:11:111 INFO  HomePage :50 - Enter email
2019-11-13 10:11:316 INFO  HomePage :55 - Enter password
2019-11-13 10:11:823 INFO  HomePage :60 - Enter confirm password
2019-11-13 10:11:100 INFO  HomePage :65 - click on create button
2019-11-13 10:11:263 INFO  HomePage :87 - mousehover to shipping and wait till find the element
2019-11-13 10:11:05 INFO  HomePage :40 - click on signin/signup
2019-11-13 10:11:478 INFO  HomePage :45 - click on create account
2019-11-13 10:11:662 INFO  HomePage :50 - Enter email
2019-11-13 10:11:847 INFO  HomePage :55 - Enter password
2019-11-13 10:11:675 INFO  HomePage :60 - Enter confirm password
2019-11-13 10:11:624 INFO  HomePage :65 - click on create button
2019-11-13 10:11:174 INFO  HomePage :87 - mousehover to shipping and wait till find the element
2019-11-13 10:11:492 INFO  HomePage :91 - mousehover to hotdeals, wait and than click on sales
2019-11-13 10:11:738 INFO  HomePage :118 - Verifying the item page
2019-11-13 10:11:515 INFO  HomePage :40 - click on signin/signup
2019-11-13 10:11:11 INFO  HomePage :45 - click on create account
2019-11-13 10:11:453 INFO  HomePage :50 - Enter email
2019-11-13 10:11:83 INFO  HomePage :55 - Enter password
2019-11-13 10:11:561 INFO  HomePage :60 - Enter confirm password
2019-11-13 10:11:140 INFO  HomePage :65 - click on create button
2019-11-13 10:11:330 INFO  HomePage :87 - mousehover to shipping and wait till find the element
2019-11-13 10:11:239 INFO  HomePage :91 - mousehover to hotdeals, wait and than click on sales
2019-11-13 10:11:501 INFO  HomePage :118 - Verifying the item page
